[debug] [2026-05-26T01:09:34.435Z] ----------------------------------------------------------------------
[debug] [2026-05-26T01:09:34.438Z] Command:       C:\Program Files\nodejs\node.exe C:\github\Cogniux\node_modules\firebase-tools\lib\bin\firebase.js deploy --only firestore:indexes --project projeto-c1883
[debug] [2026-05-26T01:09:34.438Z] CLI Version:   14.27.0
[debug] [2026-05-26T01:09:34.439Z] Platform:      win32
[debug] [2026-05-26T01:09:34.439Z] Node Version:  v25.2.1
[debug] [2026-05-26T01:09:34.439Z] Time:          Mon May 25 2026 22:09:34 GMT-0300 (Brasilia Standard Time)
[debug] [2026-05-26T01:09:34.439Z] ----------------------------------------------------------------------
[debug] 
[debug] [2026-05-26T01:09:34.658Z] > command requires scopes: ["email","openid","https://www.googleapis.com/auth/cloudplatformprojects.readonly","https://www.googleapis.com/auth/firebase","https://www.googleapis.com/auth/cloud-platform"]
[debug] [2026-05-26T01:09:34.659Z] > authorizing via signed-in user (fernaando.divino@gmail.com)
[debug] [2026-05-26T01:09:34.659Z] [iam] checking project projeto-c1883 for permissions ["datastore.indexes.create","datastore.indexes.delete","datastore.indexes.list","datastore.indexes.update","firebase.projects.get"]
[debug] [2026-05-26T01:09:34.662Z] Checked if tokens are valid: true, expires at: 1779759570171
[debug] [2026-05-26T01:09:34.662Z] Checked if tokens are valid: true, expires at: 1779759570171
[debug] [2026-05-26T01:09:34.664Z] >>> [apiv2][query] POST https://cloudresourcemanager.googleapis.com/v1/projects/projeto-c1883:testIamPermissions [none]
[debug] [2026-05-26T01:09:34.664Z] >>> [apiv2][(partial)header] POST https://cloudresourcemanager.googleapis.com/v1/projects/projeto-c1883:testIamPermissions x-goog-quota-user=projects/projeto-c1883
[debug] [2026-05-26T01:09:34.664Z] >>> [apiv2][body] POST https://cloudresourcemanager.googleapis.com/v1/projects/projeto-c1883:testIamPermissions {"permissions":["datastore.indexes.create","datastore.indexes.delete","datastore.indexes.list","datastore.indexes.update","firebase.projects.get"]}
[debug] [2026-05-26T01:09:35.763Z] <<< [apiv2][status] POST https://cloudresourcemanager.googleapis.com/v1/projects/projeto-c1883:testIamPermissions 200
[debug] [2026-05-26T01:09:35.764Z] <<< [apiv2][body] POST https://cloudresourcemanager.googleapis.com/v1/projects/projeto-c1883:testIamPermissions {"permissions":["datastore.indexes.create","datastore.indexes.delete","datastore.indexes.list","datastore.indexes.update","firebase.projects.get"]}
[info] 
[info] === Deploying to 'projeto-c1883'...
[info] 
[info] i  deploying firestore 
[info] i  firestore: ensuring required API firestore.googleapis.com is enabled... 
[info] i  firestore: ensuring required API firestore.googleapis.com is enabled... 
[info] i  firestore: deploying indexes... 
[debug] [2026-05-26T01:09:36.028Z] TypeError: Cannot read properties of undefined (reading 'map')
    at deployIndexes (C:\github\Cogniux\node_modules\firebase-tools\lib\deploy\firestore\deploy.js:25:38)
    at default_1 (C:\github\Cogniux\node_modules\firebase-tools\lib\deploy\firestore\deploy.js:52:11)
    at process.processTicksAndRejections (node:internal/process/task_queues:103:5)
    at async chain (C:\github\Cogniux\node_modules\firebase-tools\lib\deploy\index.js:43:9)
    at async deploy (C:\github\Cogniux\node_modules\firebase-tools\lib\deploy\index.js:125:9)
[error] 
[error] Error: An unexpected error has occurred.
